<?xml version="1.0" encoding="UTF-8"?>
<testsuite name="demo.base.BaseDemoTest" tests="2" skipped="0" failures="0" errors="0" timestamp="2022-07-12T01:16:39" hostname="FENGSH2-W10" time="0.013">
  <properties/>
  <testcase name="should_return_hello_world()" classname="demo.base.BaseDemoTest" time="0.012"/>
  <testcase name="should_return_sum()" classname="demo.base.BaseDemoTest" time="0.0"/>
  <system-out><![CDATA[]]></system-out>
  <system-err><![CDATA[]]></system-err>
</testsuite>
